2025-03-21 13:32:29,469 DEBUG    root            Loaded Command Group: ['gcloud', 'components']
2025-03-21 13:32:29,471 DEBUG    root            Loaded Command Group: ['gcloud', 'components', 'update']
2025-03-21 13:32:29,473 DEBUG    root            Running [gcloud.components.update] with arguments: [--quiet: "True", COMPONENT-IDS:8: "['gcloud', 'core', 'bq', 'gsutil', 'compute', 'preview', 'alpha', 'beta']"]
2025-03-21 13:32:29,474 INFO     ___FILE_ONLY___ Beginning update. This process may take several minutes.

2025-03-21 13:32:29,482 DEBUG    urllib3.connectionpool Starting new HTTPS connection (1): dl.google.com:443
2025-03-21 13:32:29,577 DEBUG    urllib3.connectionpool https://dl.google.com:443 "GET /dl/cloudsdk/channels/rapid/components-2.json HTTP/11" 200 226134
2025-03-21 13:32:29,590 WARNING  root            Component [compute] no longer exists.
2025-03-21 13:32:29,591 INFO     ___FILE_ONLY___ 

2025-03-21 13:32:29,591 INFO     ___FILE_ONLY___ 
Your current Google Cloud CLI version is: 515.0.0

2025-03-21 13:32:29,591 INFO     ___FILE_ONLY___ Installing components from version: 515.0.0

2025-03-21 13:32:29,591 INFO     ___FILE_ONLY___ 

2025-03-21 13:32:29,591 DEBUG    root            Chosen display Format:table[box,title="These components will be removed."](details.display_name:label=Name:align=left,version.version_string:label=Version:align=right,data.size.size(zero="",min=1048576):label=Size:align=right)
2025-03-21 13:32:29,592 DEBUG    root            Chosen display Format:table[box,title="These components will be updated."](details.display_name:label=Name:align=left,version.version_string:label=Version:align=right,data.size.size(zero="",min=1048576):label=Size:align=right)
2025-03-21 13:32:29,592 DEBUG    root            Chosen display Format:table[box,title="These components will be installed."](details.display_name:label=Name:align=left,version.version_string:label=Version:align=right,data.size.size(zero="",min=1048576):label=Size:align=right)
2025-03-21 13:32:29,606 INFO     ___FILE_ONLY___ ┌────────────────────────────────────────────────┐
2025-03-21 13:32:29,606 INFO     ___FILE_ONLY___ 

2025-03-21 13:32:29,606 INFO     ___FILE_ONLY___ │      These components will be installed.       │
2025-03-21 13:32:29,606 INFO     ___FILE_ONLY___ 

2025-03-21 13:32:29,606 INFO     ___FILE_ONLY___ ├─────────────────────────┬────────────┬─────────┤
2025-03-21 13:32:29,606 INFO     ___FILE_ONLY___ 

2025-03-21 13:32:29,606 INFO     ___FILE_ONLY___ │           Name          │  Version   │   Size  │
2025-03-21 13:32:29,606 INFO     ___FILE_ONLY___ 

2025-03-21 13:32:29,606 INFO     ___FILE_ONLY___ ├─────────────────────────┼────────────┼─────────┤
2025-03-21 13:32:29,606 INFO     ___FILE_ONLY___ 

2025-03-21 13:32:29,606 INFO     ___FILE_ONLY___ │ 
2025-03-21 13:32:29,606 INFO     ___FILE_ONLY___ gcloud Alpha Commands  
2025-03-21 13:32:29,606 INFO     ___FILE_ONLY___  
2025-03-21 13:32:29,606 INFO     ___FILE_ONLY___ │ 
2025-03-21 13:32:29,606 INFO     ___FILE_ONLY___ 2025.03.14
2025-03-21 13:32:29,606 INFO     ___FILE_ONLY___  
2025-03-21 13:32:29,607 INFO     ___FILE_ONLY___ │ 
2025-03-21 13:32:29,607 INFO     ___FILE_ONLY___ < 1 MiB
2025-03-21 13:32:29,607 INFO     ___FILE_ONLY___  
2025-03-21 13:32:29,607 INFO     ___FILE_ONLY___ │
2025-03-21 13:32:29,607 INFO     ___FILE_ONLY___ 

2025-03-21 13:32:29,607 INFO     ___FILE_ONLY___ │ 
2025-03-21 13:32:29,607 INFO     ___FILE_ONLY___ gcloud Beta Commands   
2025-03-21 13:32:29,607 INFO     ___FILE_ONLY___  
2025-03-21 13:32:29,607 INFO     ___FILE_ONLY___ │ 
2025-03-21 13:32:29,607 INFO     ___FILE_ONLY___ 2025.03.14
2025-03-21 13:32:29,607 INFO     ___FILE_ONLY___  
2025-03-21 13:32:29,607 INFO     ___FILE_ONLY___ │ 
2025-03-21 13:32:29,607 INFO     ___FILE_ONLY___ < 1 MiB
2025-03-21 13:32:29,607 INFO     ___FILE_ONLY___  
2025-03-21 13:32:29,607 INFO     ___FILE_ONLY___ │
2025-03-21 13:32:29,607 INFO     ___FILE_ONLY___ 

2025-03-21 13:32:29,607 INFO     ___FILE_ONLY___ │ 
2025-03-21 13:32:29,607 INFO     ___FILE_ONLY___ gcloud Preview Commands
2025-03-21 13:32:29,607 INFO     ___FILE_ONLY___  
2025-03-21 13:32:29,607 INFO     ___FILE_ONLY___ │ 
2025-03-21 13:32:29,607 INFO     ___FILE_ONLY___           
2025-03-21 13:32:29,608 INFO     ___FILE_ONLY___  
2025-03-21 13:32:29,608 INFO     ___FILE_ONLY___ │ 
2025-03-21 13:32:29,608 INFO     ___FILE_ONLY___ < 1 MiB
2025-03-21 13:32:29,608 INFO     ___FILE_ONLY___  
2025-03-21 13:32:29,608 INFO     ___FILE_ONLY___ │
2025-03-21 13:32:29,608 INFO     ___FILE_ONLY___ 

2025-03-21 13:32:29,608 INFO     ___FILE_ONLY___ └─────────────────────────┴────────────┴─────────┘
2025-03-21 13:32:29,608 INFO     ___FILE_ONLY___ 

2025-03-21 13:32:29,608 INFO     ___FILE_ONLY___ 

2025-03-21 13:32:29,611 DEBUG    urllib3.connectionpool Starting new HTTPS connection (1): dl.google.com:443
2025-03-21 13:32:29,772 DEBUG    urllib3.connectionpool https://dl.google.com:443 "GET /dl/cloudsdk/channels/rapid/RELEASE_NOTES HTTP/11" 200 1381789
2025-03-21 13:32:30,294 INFO     ___FILE_ONLY___ For the latest full release notes, please visit:
  https://cloud.google.com/sdk/release_notes


2025-03-21 13:32:30,294 INFO     ___FILE_ONLY___ Performing in place update...


2025-03-21 13:32:30,296 INFO     ___FILE_ONLY___ ╔════════════════════════════════════════════════════════════╗

2025-03-21 13:32:30,296 INFO     ___FILE_ONLY___ ╠═ Downloading: gcloud Alpha Commands                       ═╣

2025-03-21 13:32:30,296 INFO     ___FILE_ONLY___ ╚
2025-03-21 13:32:30,299 DEBUG    urllib3.connectionpool Starting new HTTPS connection (1): dl.google.com:443
2025-03-21 13:32:30,444 DEBUG    urllib3.connectionpool https://dl.google.com:443 "GET /dl/cloudsdk/channels/rapid/components/google-cloud-sdk-alpha-20250314151217.tar.gz HTTP/11" 200 800
2025-03-21 13:32:30,445 INFO     ___FILE_ONLY___ ════════════════════════════════════════════════════════════
2025-03-21 13:32:30,445 INFO     ___FILE_ONLY___ ╝

2025-03-21 13:32:30,447 INFO     ___FILE_ONLY___ ╔════════════════════════════════════════════════════════════╗

2025-03-21 13:32:30,447 INFO     ___FILE_ONLY___ ╠═ Downloading: gcloud Beta Commands                        ═╣

2025-03-21 13:32:30,447 INFO     ___FILE_ONLY___ ╚
2025-03-21 13:32:30,450 DEBUG    urllib3.connectionpool Starting new HTTPS connection (1): dl.google.com:443
2025-03-21 13:32:30,543 DEBUG    urllib3.connectionpool https://dl.google.com:443 "GET /dl/cloudsdk/channels/rapid/components/google-cloud-sdk-beta-20250314151217.tar.gz HTTP/11" 200 797
2025-03-21 13:32:30,543 INFO     ___FILE_ONLY___ ════════════════════════════════════════════════════════════
2025-03-21 13:32:30,544 INFO     ___FILE_ONLY___ ╝

2025-03-21 13:32:30,545 INFO     ___FILE_ONLY___ ╔════════════════════════════════════════════════════════════╗

2025-03-21 13:32:30,546 INFO     ___FILE_ONLY___ ╠═ Downloading: gcloud Preview Commands                     ═╣

2025-03-21 13:32:30,546 INFO     ___FILE_ONLY___ ╚
2025-03-21 13:32:30,549 DEBUG    urllib3.connectionpool Starting new HTTPS connection (1): dl.google.com:443
2025-03-21 13:32:30,706 DEBUG    urllib3.connectionpool https://dl.google.com:443 "GET /dl/cloudsdk/channels/rapid/components/google-cloud-sdk-preview-20241115154308.tar.gz HTTP/11" 200 823
2025-03-21 13:32:30,707 INFO     ___FILE_ONLY___ ════════════════════════════════════════════════════════════
2025-03-21 13:32:30,707 INFO     ___FILE_ONLY___ ╝

2025-03-21 13:32:30,709 INFO     ___FILE_ONLY___ ╔════════════════════════════════════════════════════════════╗

2025-03-21 13:32:30,709 INFO     ___FILE_ONLY___ ╠═ Installing: gcloud Alpha Commands                        ═╣

2025-03-21 13:32:30,709 INFO     ___FILE_ONLY___ ╚
2025-03-21 13:32:30,710 INFO     ___FILE_ONLY___ ════════════════════════════════════════════════════════════
2025-03-21 13:32:30,710 INFO     ___FILE_ONLY___ ╝

2025-03-21 13:32:30,715 INFO     ___FILE_ONLY___ ╔════════════════════════════════════════════════════════════╗

2025-03-21 13:32:30,715 INFO     ___FILE_ONLY___ ╠═ Installing: gcloud Beta Commands                         ═╣

2025-03-21 13:32:30,715 INFO     ___FILE_ONLY___ ╚
2025-03-21 13:32:30,716 INFO     ___FILE_ONLY___ ════════════════════════════════════════════════════════════
2025-03-21 13:32:30,716 INFO     ___FILE_ONLY___ ╝

2025-03-21 13:32:30,721 INFO     ___FILE_ONLY___ ╔════════════════════════════════════════════════════════════╗

2025-03-21 13:32:30,721 INFO     ___FILE_ONLY___ ╠═ Installing: gcloud Preview Commands                      ═╣

2025-03-21 13:32:30,721 INFO     ___FILE_ONLY___ ╚
2025-03-21 13:32:30,722 INFO     ___FILE_ONLY___ ════════════════════════════════════════════════════════════
2025-03-21 13:32:30,722 INFO     ___FILE_ONLY___ ╝

2025-03-21 13:32:30,726 DEBUG    root            Updating notification cache...
2025-03-21 13:32:30,727 INFO     ___FILE_ONLY___ 

2025-03-21 13:32:30,728 INFO     ___FILE_ONLY___ Performing post processing steps...
2025-03-21 13:32:30,729 DEBUG    root            Executing command: ['/tools/google-cloud-sdk/bin/gcloud', 'components', 'post-process']
2025-03-21 13:32:38,306 DEBUG    ___FILE_ONLY___ 
2025-03-21 13:32:38,306 DEBUG    ___FILE_ONLY___ 
2025-03-21 13:32:38,509 INFO     root            descriptor_list: [{'universeDomain': 'googleapis.com', 'universeShortName': '', 'authenticationDomain': 'auth.cloud.google.com', 'projectPrefix': '', 'cloudWebDomain': 'cloud.google.com', 'documentationDomain': 'cloud.google.com', 'version': '1.0.0', 'state': 'primary', 'artifactRegistryDomain': 'pkg.dev'}]
2025-03-21 13:32:38,509 INFO     ___FILE_ONLY___ 
Update done!


2025-03-21 13:32:38,512 DEBUG    root            Chosen display Format:none
2025-03-21 13:32:38,512 INFO     root            Display format: "none"
